-------------------------------------------------------------------------------
Test set: com.precious.truecaller.service.mobileService.MobileNumberServiceTest
-------------------------------------------------------------------------------
Tests run: 4, Failures: 0, Errors: 3, Skipped: 0, Time elapsed: 0 s <<< FAILURE! - in com.precious.truecaller.service.mobileService.MobileNumberServiceTest
addMobileNumber  Time elapsed: 0 s  <<< ERROR!
com.precious.truecaller.web.exception.mobileNumberException.MobileNumberAlreadyExistException: Mobile number already exist
	at com.precious.truecaller.service.mobileService.MobileNumberServiceTest.addMobileNumber(MobileNumberServiceTest.java:48)

unBlockedMobileNumberByMobileNumber  Time elapsed: 0 s  <<< ERROR!
com.precious.truecaller.web.exception.mobileNumberException.MobileNumberAlreadyExistException: Mobile number already exist
	at com.precious.truecaller.service.mobileService.MobileNumberServiceTest.unBlockedMobileNumberByMobileNumber(MobileNumberServiceTest.java:77)

findAllBlockedMobileNumbers  Time elapsed: 0 s  <<< ERROR!
com.precious.truecaller.web.exception.mobileNumberException.MobileNumberAlreadyExistException: Mobile number already exist
	at com.precious.truecaller.service.mobileService.MobileNumberServiceTest.findAllBlockedMobileNumbers(MobileNumberServiceTest.java:96)

