<?xml version="1.0" encoding="UTF-8"?>
<testsuite xmlns:xsi="http://www.w3.org/2001/XMLSchema-instance" xsi:noNamespaceSchemaLocation="https://maven.apache.org/surefire/maven-surefire-plugin/xsd/surefire-test-report.xsd" name="com.precious.truecaller.web.controller.ContactControllerTest" time="0.68" tests="10" errors="10" skipped="0" failures="0">
  <properties>
[...]
</properties>
  <testcase name="editContact" classname="com.precious.truecaller.web.controller.ContactControllerTest" time="0.001">
    <error message="Failed to resolve parameter [org.springframework.test.web.servlet.MockMvc mvc] in constructor [com.precious.truecaller.web.controller.ContactControllerTest(org.springframework.test.web.servlet.MockMvc,com.precious.truecaller.data.repositories.ContactRepository)]: No qualifying bean of type &apos;org.springframework.test.web.servlet.MockMvc&apos; available: expected at least 1 bean which qualifies as autowire candidate. Dependency annotations: {}" type="org.junit.jupiter.api.extension.ParameterResolutionException">org.junit.jupiter.api.extension.ParameterResolutionException: Failed to resolve parameter [org.springframework.test.web.servlet.MockMvc mvc] in constructor [com.precious.truecaller.web.controller.ContactControllerTest(org.springframework.test.web.servlet.MockMvc,com.precious.truecaller.data.repositories.ContactRepository)]: No qualifying bean of type 'org.springframework.test.web.servlet.MockMvc' available: expected at least 1 bean which qualifies as autowire candidate. Dependency annotations: {}
Caused by: org.springframework.beans.factory.NoSuchBeanDefinitionException: No qualifying bean of type 'org.springframework.test.web.servlet.MockMvc' available: expected at least 1 bean which qualifies as autowire candidate. Dependency annotations: {}
</error>
    <system-out><![CDATA[2022-11-19 17:57:52.204  INFO 20468 --- [           main] .t.a.d.j.DataJdbcTestContextBootstrapper : Neither @ContextConfiguration nor @ContextHierarchy found for test class [com.precious.truecaller.web.controller.ContactControllerTest], using SpringBootContextLoader
2022-11-19 17:57:52.204  INFO 20468 --- [           main] o.s.t.c.support.AbstractContextLoader    : Could not detect default resource locations for test class [com.precious.truecaller.web.controller.ContactControllerTest]: no resource found for suffixes {-context.xml, Context.groovy}.
2022-11-19 17:57:52.204  INFO 20468 --- [           main] t.c.s.AnnotationConfigContextLoaderUtils : Could not detect default configuration classes for test class [com.precious.truecaller.web.controller.ContactControllerTest]: ContactControllerTest does not declare any static, non-private, non-final, nested classes annotated with @Configuration.
2022-11-19 17:57:52.232  INFO 20468 --- [           main] .b.t.c.SpringBootTestContextBootstrapper : Found @SpringBootConfiguration com.precious.truecaller.TrueCallerApplication for test class com.precious.truecaller.web.controller.ContactControllerTest
2022-11-19 17:57:52.232  INFO 20468 --- [           main] .t.a.d.j.DataJdbcTestContextBootstrapper : Loaded default TestExecutionListener class names from location [META-INF/spring.factories]: [org.springframework.boot.test.mock.mockito.MockitoTestExecutionListener, org.springframework.boot.test.mock.mockito.ResetMocksTestExecutionListener, org.springframework.boot.test.autoconfigure.restdocs.RestDocsTestExecutionListener, org.springframework.boot.test.autoconfigure.web.client.MockRestServiceServerResetTestExecutionListener, org.springframework.boot.test.autoconfigure.web.servlet.MockMvcPrintOnlyOnFailureTestExecutionListener, org.springframework.boot.test.autoconfigure.web.servlet.WebDriverTestExecutionListener, org.springframework.boot.test.autoconfigure.webservices.client.MockWebServiceServerTestExecutionListener, org.springframework.test.context.web.ServletTestExecutionListener, org.springframework.test.context.support.DirtiesContextBeforeModesTestExecutionListener, org.springframework.test.context.event.ApplicationEventsTestExecutionListener, org.springframework.test.context.support.DependencyInjectionTestExecutionListener, org.springframework.test.context.support.DirtiesContextTestExecutionListener, org.springframework.test.context.transaction.TransactionalTestExecutionListener, org.springframework.test.context.jdbc.SqlScriptsTestExecutionListener, org.springframework.test.context.event.EventPublishingTestExecutionListener, org.springframework.security.test.context.support.WithSecurityContextTestExecutionListener, org.springframework.security.test.context.support.ReactorContextTestExecutionListener]
2022-11-19 17:57:52.232  INFO 20468 --- [           main] .t.a.d.j.DataJdbcTestContextBootstrapper : Using TestExecutionListeners: [org.springframework.test.context.web.ServletTestExecutionListener@48d1f239, org.springframework.test.context.support.DirtiesContextBeforeModesTestExecutionListener@798e73de, org.springframework.test.context.event.ApplicationEventsTestExecutionListener@6ef7e510, org.springframework.boot.test.mock.mockito.MockitoTestExecutionListener@3b89bf47, org.springframework.boot.test.autoconfigure.SpringBootDependencyInjectionTestExecutionListener@7c8ec235, org.springframework.test.context.support.DirtiesContextTestExecutionListener@76145ef9, org.springframework.test.context.transaction.TransactionalTestExecutionListener@279afa4e, org.springframework.test.context.jdbc.SqlScriptsTestExecutionListener@519f1a7d, org.springframework.test.context.event.EventPublishingTestExecutionListener@5b0af511, org.springframework.security.test.context.support.WithSecurityContextTestExecutionListener@fbd9b1f, org.springframework.security.test.context.support.ReactorContextTestExecutionListener@7f85482c, org.springframework.boot.test.mock.mockito.ResetMocksTestExecutionListener@56e0e953, org.springframework.boot.test.autoconfigure.restdocs.RestDocsTestExecutionListener@5ace2ce3, org.springframework.boot.test.autoconfigure.web.client.MockRestServiceServerResetTestExecutionListener@39c821c6, org.springframework.boot.test.autoconfigure.web.servlet.MockMvcPrintOnlyOnFailureTestExecutionListener@6cd9cafb, org.springframework.boot.test.autoconfigure.web.servlet.WebDriverTestExecutionListener@3da20c42, org.springframework.boot.test.autoconfigure.webservices.client.MockWebServiceServerTestExecutionListener@16209621]
  _______                          _____           _   _                    _____   _                        
 |__   __|                        / ____|         | | | |                  / ____| | |                       
    | |     _ __   _   _    ___  | |        __ _  | | | |   ___   _ __    | |      | |   ___    _ __     ___ 
    | |    | '__| | | | |  / _ \ | |       / _` | | | | |  / _ \ | '__|   | |      | |  / _ \  | '_ \   / _ \
    | |    | |    | |_| | |  __/ | |____  | (_| | | | | | |  __/ | |      | |____  | | | (_) | | | | | |  __/
    |_|    |_|     \__,_|  \___|  \_____|  \__,_| |_| |_|  \___| |_|       \_____| |_|  \___/  |_| |_|  \___|
2022-11-19 17:57:52.289  WARN 20468 --- [           main] ory$DuplicateJsonObjectContextCustomizer : 

Found multiple occurrences of org.json.JSONObject on the class path:

	jar:file:/C:/Users/user/.m2/repository/com/vaadin/external/google/android-json/0.0.20131108.vaadin1/android-json-0.0.20131108.vaadin1.jar!/org/json/JSONObject.class
	jar:file:/C:/Users/user/.m2/repository/org/json/json/20211205/json-20211205.jar!/org/json/JSONObject.class

You may wish to exclude one of them to ensure predictable runtime behavior

2022-11-19 17:57:52.290  INFO 20468 --- [           main] c.p.t.w.c.ContactControllerTest          : Starting ContactControllerTest using Java 19 on DESKTOP-6PGDBP8 with PID 20468 (started by user in C:\Users\user\Desktop\dev\backend\personal_projects\True_Caller_Clone)
2022-11-19 17:57:52.290  INFO 20468 --- [           main] c.p.t.w.c.ContactControllerTest          : The following 1 profile is active: "dev"
2022-11-19 17:57:52.496  INFO 20468 --- [           main] .s.d.r.c.RepositoryConfigurationDelegate : Multiple Spring Data modules found, entering strict repository configuration mode!
2022-11-19 17:57:52.496  INFO 20468 --- [           main] .s.d.r.c.RepositoryConfigurationDelegate : Bootstrapping Spring Data JDBC repositories in DEFAULT mode.
2022-11-19 17:57:52.532  INFO 20468 --- [           main] .RepositoryConfigurationExtensionSupport : Spring Data JDBC - Could not safely identify store assignment for repository candidate interface com.precious.truecaller.data.repositories.AccountRepository. If you want this repository to be a JDBC repository, consider annotating your entities with one of these annotations: org.springframework.data.relational.core.mapping.Table.
2022-11-19 17:57:52.532  INFO 20468 --- [           main] .RepositoryConfigurationExtensionSupport : Spring Data JDBC - Could not safely identify store assignment for repository candidate interface com.precious.truecaller.data.repositories.CallRepository. If you want this repository to be a JDBC repository, consider annotating your entities with one of these annotations: org.springframework.data.relational.core.mapping.Table.
2022-11-19 17:57:52.532  INFO 20468 --- [           main] .RepositoryConfigurationExtensionSupport : Spring Data JDBC - Could not safely identify store assignment for repository candidate interface com.precious.truecaller.data.repositories.ContactRepository. If you want this repository to be a JDBC repository, consider annotating your entities with one of these annotations: org.springframework.data.relational.core.mapping.Table.
2022-11-19 17:57:52.532  INFO 20468 --- [           main] .RepositoryConfigurationExtensionSupport : Spring Data JDBC - Could not safely identify store assignment for repository candidate interface com.precious.truecaller.data.repositories.EmailMessageRepository. If you want this repository to be a JDBC repository, consider annotating your entities with one of these annotations: org.springframework.data.relational.core.mapping.Table.
2022-11-19 17:57:52.539  INFO 20468 --- [           main] .RepositoryConfigurationExtensionSupport : Spring Data JDBC - Could not safely identify store assignment for repository candidate interface com.precious.truecaller.data.repositories.MobileNumberRepository. If you want this repository to be a JDBC repository, consider annotating your entities with one of these annotations: org.springframework.data.relational.core.mapping.Table.
2022-11-19 17:57:52.539  INFO 20468 --- [           main] .RepositoryConfigurationExtensionSupport : Spring Data JDBC - Could not safely identify store assignment for repository candidate interface com.precious.truecaller.data.repositories.SmsMessageRepository. If you want this repository to be a JDBC repository, consider annotating your entities with one of these annotations: org.springframework.data.relational.core.mapping.Table.
2022-11-19 17:57:52.539  INFO 20468 --- [           main] .s.d.r.c.RepositoryConfigurationDelegate : Finished Spring Data repository scanning in 30 ms. Found 0 JDBC repository interfaces.
2022-11-19 17:57:52.540  INFO 20468 --- [           main] beddedDataSourceBeanFactoryPostProcessor : Replacing 'dataSource' DataSource bean with embedded version
2022-11-19 17:57:52.594  INFO 20468 --- [           main] o.s.j.d.e.EmbeddedDatabaseFactory        : Starting embedded database: url='jdbc:h2:mem:e5119ede-c5bc-4d9b-8dc5-9bb3449465f0;DB_CLOSE_DELAY=-1;DB_CLOSE_ON_EXIT=false', username='sa'
2022-11-19 17:57:52.901  INFO 20468 --- [           main] c.p.t.w.c.ContactControllerTest          : Started ContactControllerTest in 0.659 seconds (JVM running for 39.3)
]]></system-out>
  </testcase>
  <testcase name="addContact" classname="com.precious.truecaller.web.controller.ContactControllerTest" time="0">
    <error message="Failed to resolve parameter [org.springframework.test.web.servlet.MockMvc mvc] in constructor [com.precious.truecaller.web.controller.ContactControllerTest(org.springframework.test.web.servlet.MockMvc,com.precious.truecaller.data.repositories.ContactRepository)]: No qualifying bean of type &apos;org.springframework.test.web.servlet.MockMvc&apos; available: expected at least 1 bean which qualifies as autowire candidate. Dependency annotations: {}" type="org.junit.jupiter.api.extension.ParameterResolutionException">org.junit.jupiter.api.extension.ParameterResolutionException: Failed to resolve parameter [org.springframework.test.web.servlet.MockMvc mvc] in constructor [com.precious.truecaller.web.controller.ContactControllerTest(org.springframework.test.web.servlet.MockMvc,com.precious.truecaller.data.repositories.ContactRepository)]: No qualifying bean of type 'org.springframework.test.web.servlet.MockMvc' available: expected at least 1 bean which qualifies as autowire candidate. Dependency annotations: {}
Caused by: org.springframework.beans.factory.NoSuchBeanDefinitionException: No qualifying bean of type 'org.springframework.test.web.servlet.MockMvc' available: expected at least 1 bean which qualifies as autowire candidate. Dependency annotations: {}
</error>
  </testcase>
  <testcase name="blockContactByMobileNumber" classname="com.precious.truecaller.web.controller.ContactControllerTest" time="0">
    <error message="Failed to resolve parameter [org.springframework.test.web.servlet.MockMvc mvc] in constructor [com.precious.truecaller.web.controller.ContactControllerTest(org.springframework.test.web.servlet.MockMvc,com.precious.truecaller.data.repositories.ContactRepository)]: No qualifying bean of type &apos;org.springframework.test.web.servlet.MockMvc&apos; available: expected at least 1 bean which qualifies as autowire candidate. Dependency annotations: {}" type="org.junit.jupiter.api.extension.ParameterResolutionException">org.junit.jupiter.api.extension.ParameterResolutionException: Failed to resolve parameter [org.springframework.test.web.servlet.MockMvc mvc] in constructor [com.precious.truecaller.web.controller.ContactControllerTest(org.springframework.test.web.servlet.MockMvc,com.precious.truecaller.data.repositories.ContactRepository)]: No qualifying bean of type 'org.springframework.test.web.servlet.MockMvc' available: expected at least 1 bean which qualifies as autowire candidate. Dependency annotations: {}
Caused by: org.springframework.beans.factory.NoSuchBeanDefinitionException: No qualifying bean of type 'org.springframework.test.web.servlet.MockMvc' available: expected at least 1 bean which qualifies as autowire candidate. Dependency annotations: {}
</error>
  </testcase>
  <testcase name="findByMobileNumber" classname="com.precious.truecaller.web.controller.ContactControllerTest" time="0">
    <error message="Failed to resolve parameter [org.springframework.test.web.servlet.MockMvc mvc] in constructor [com.precious.truecaller.web.controller.ContactControllerTest(org.springframework.test.web.servlet.MockMvc,com.precious.truecaller.data.repositories.ContactRepository)]: No qualifying bean of type &apos;org.springframework.test.web.servlet.MockMvc&apos; available: expected at least 1 bean which qualifies as autowire candidate. Dependency annotations: {}" type="org.junit.jupiter.api.extension.ParameterResolutionException">org.junit.jupiter.api.extension.ParameterResolutionException: Failed to resolve parameter [org.springframework.test.web.servlet.MockMvc mvc] in constructor [com.precious.truecaller.web.controller.ContactControllerTest(org.springframework.test.web.servlet.MockMvc,com.precious.truecaller.data.repositories.ContactRepository)]: No qualifying bean of type 'org.springframework.test.web.servlet.MockMvc' available: expected at least 1 bean which qualifies as autowire candidate. Dependency annotations: {}
Caused by: org.springframework.beans.factory.NoSuchBeanDefinitionException: No qualifying bean of type 'org.springframework.test.web.servlet.MockMvc' available: expected at least 1 bean which qualifies as autowire candidate. Dependency annotations: {}
</error>
  </testcase>
  <testcase name="findByContactName" classname="com.precious.truecaller.web.controller.ContactControllerTest" time="0">
    <error message="Failed to resolve parameter [org.springframework.test.web.servlet.MockMvc mvc] in constructor [com.precious.truecaller.web.controller.ContactControllerTest(org.springframework.test.web.servlet.MockMvc,com.precious.truecaller.data.repositories.ContactRepository)]: No qualifying bean of type &apos;org.springframework.test.web.servlet.MockMvc&apos; available: expected at least 1 bean which qualifies as autowire candidate. Dependency annotations: {}" type="org.junit.jupiter.api.extension.ParameterResolutionException">org.junit.jupiter.api.extension.ParameterResolutionException: Failed to resolve parameter [org.springframework.test.web.servlet.MockMvc mvc] in constructor [com.precious.truecaller.web.controller.ContactControllerTest(org.springframework.test.web.servlet.MockMvc,com.precious.truecaller.data.repositories.ContactRepository)]: No qualifying bean of type 'org.springframework.test.web.servlet.MockMvc' available: expected at least 1 bean which qualifies as autowire candidate. Dependency annotations: {}
Caused by: org.springframework.beans.factory.NoSuchBeanDefinitionException: No qualifying bean of type 'org.springframework.test.web.servlet.MockMvc' available: expected at least 1 bean which qualifies as autowire candidate. Dependency annotations: {}
</error>
  </testcase>
  <testcase name="deleteContactById" classname="com.precious.truecaller.web.controller.ContactControllerTest" time="0">
    <error message="Failed to resolve parameter [org.springframework.test.web.servlet.MockMvc mvc] in constructor [com.precious.truecaller.web.controller.ContactControllerTest(org.springframework.test.web.servlet.MockMvc,com.precious.truecaller.data.repositories.ContactRepository)]: No qualifying bean of type &apos;org.springframework.test.web.servlet.MockMvc&apos; available: expected at least 1 bean which qualifies as autowire candidate. Dependency annotations: {}" type="org.junit.jupiter.api.extension.ParameterResolutionException">org.junit.jupiter.api.extension.ParameterResolutionException: Failed to resolve parameter [org.springframework.test.web.servlet.MockMvc mvc] in constructor [com.precious.truecaller.web.controller.ContactControllerTest(org.springframework.test.web.servlet.MockMvc,com.precious.truecaller.data.repositories.ContactRepository)]: No qualifying bean of type 'org.springframework.test.web.servlet.MockMvc' available: expected at least 1 bean which qualifies as autowire candidate. Dependency annotations: {}
Caused by: org.springframework.beans.factory.NoSuchBeanDefinitionException: No qualifying bean of type 'org.springframework.test.web.servlet.MockMvc' available: expected at least 1 bean which qualifies as autowire candidate. Dependency annotations: {}
</error>
  </testcase>
  <testcase name="deleteAllContact" classname="com.precious.truecaller.web.controller.ContactControllerTest" time="0.002">
    <error message="Failed to resolve parameter [org.springframework.test.web.servlet.MockMvc mvc] in constructor [com.precious.truecaller.web.controller.ContactControllerTest(org.springframework.test.web.servlet.MockMvc,com.precious.truecaller.data.repositories.ContactRepository)]: No qualifying bean of type &apos;org.springframework.test.web.servlet.MockMvc&apos; available: expected at least 1 bean which qualifies as autowire candidate. Dependency annotations: {}" type="org.junit.jupiter.api.extension.ParameterResolutionException">org.junit.jupiter.api.extension.ParameterResolutionException: Failed to resolve parameter [org.springframework.test.web.servlet.MockMvc mvc] in constructor [com.precious.truecaller.web.controller.ContactControllerTest(org.springframework.test.web.servlet.MockMvc,com.precious.truecaller.data.repositories.ContactRepository)]: No qualifying bean of type 'org.springframework.test.web.servlet.MockMvc' available: expected at least 1 bean which qualifies as autowire candidate. Dependency annotations: {}
Caused by: org.springframework.beans.factory.NoSuchBeanDefinitionException: No qualifying bean of type 'org.springframework.test.web.servlet.MockMvc' available: expected at least 1 bean which qualifies as autowire candidate. Dependency annotations: {}
</error>
  </testcase>
  <testcase name="unBlockContactByMobileNumber" classname="com.precious.truecaller.web.controller.ContactControllerTest" time="0">
    <error message="Failed to resolve parameter [org.springframework.test.web.servlet.MockMvc mvc] in constructor [com.precious.truecaller.web.controller.ContactControllerTest(org.springframework.test.web.servlet.MockMvc,com.precious.truecaller.data.repositories.ContactRepository)]: No qualifying bean of type &apos;org.springframework.test.web.servlet.MockMvc&apos; available: expected at least 1 bean which qualifies as autowire candidate. Dependency annotations: {}" type="org.junit.jupiter.api.extension.ParameterResolutionException">org.junit.jupiter.api.extension.ParameterResolutionException: Failed to resolve parameter [org.springframework.test.web.servlet.MockMvc mvc] in constructor [com.precious.truecaller.web.controller.ContactControllerTest(org.springframework.test.web.servlet.MockMvc,com.precious.truecaller.data.repositories.ContactRepository)]: No qualifying bean of type 'org.springframework.test.web.servlet.MockMvc' available: expected at least 1 bean which qualifies as autowire candidate. Dependency annotations: {}
Caused by: org.springframework.beans.factory.NoSuchBeanDefinitionException: No qualifying bean of type 'org.springframework.test.web.servlet.MockMvc' available: expected at least 1 bean which qualifies as autowire candidate. Dependency annotations: {}
</error>
  </testcase>
  <testcase name="deleteContactByContactName" classname="com.precious.truecaller.web.controller.ContactControllerTest" time="0">
    <error message="Failed to resolve parameter [org.springframework.test.web.servlet.MockMvc mvc] in constructor [com.precious.truecaller.web.controller.ContactControllerTest(org.springframework.test.web.servlet.MockMvc,com.precious.truecaller.data.repositories.ContactRepository)]: No qualifying bean of type &apos;org.springframework.test.web.servlet.MockMvc&apos; available: expected at least 1 bean which qualifies as autowire candidate. Dependency annotations: {}" type="org.junit.jupiter.api.extension.ParameterResolutionException">org.junit.jupiter.api.extension.ParameterResolutionException: Failed to resolve parameter [org.springframework.test.web.servlet.MockMvc mvc] in constructor [com.precious.truecaller.web.controller.ContactControllerTest(org.springframework.test.web.servlet.MockMvc,com.precious.truecaller.data.repositories.ContactRepository)]: No qualifying bean of type 'org.springframework.test.web.servlet.MockMvc' available: expected at least 1 bean which qualifies as autowire candidate. Dependency annotations: {}
Caused by: org.springframework.beans.factory.NoSuchBeanDefinitionException: No qualifying bean of type 'org.springframework.test.web.servlet.MockMvc' available: expected at least 1 bean which qualifies as autowire candidate. Dependency annotations: {}
</error>
  </testcase>
  <testcase name="findAllContact" classname="com.precious.truecaller.web.controller.ContactControllerTest" time="0">
    <error message="Failed to resolve parameter [org.springframework.test.web.servlet.MockMvc mvc] in constructor [com.precious.truecaller.web.controller.ContactControllerTest(org.springframework.test.web.servlet.MockMvc,com.precious.truecaller.data.repositories.ContactRepository)]: No qualifying bean of type &apos;org.springframework.test.web.servlet.MockMvc&apos; available: expected at least 1 bean which qualifies as autowire candidate. Dependency annotations: {}" type="org.junit.jupiter.api.extension.ParameterResolutionException">org.junit.jupiter.api.extension.ParameterResolutionException: Failed to resolve parameter [org.springframework.test.web.servlet.MockMvc mvc] in constructor [com.precious.truecaller.web.controller.ContactControllerTest(org.springframework.test.web.servlet.MockMvc,com.precious.truecaller.data.repositories.ContactRepository)]: No qualifying bean of type 'org.springframework.test.web.servlet.MockMvc' available: expected at least 1 bean which qualifies as autowire candidate. Dependency annotations: {}
Caused by: org.springframework.beans.factory.NoSuchBeanDefinitionException: No qualifying bean of type 'org.springframework.test.web.servlet.MockMvc' available: expected at least 1 bean which qualifies as autowire candidate. Dependency annotations: {}
</error>
  </testcase>
</testsuite>